<?xml version="1.0" encoding="UTF-8"?>
<testng-results skipped="0" failed="0" ignored="0" total="1" passed="1">
  <reporter-output>
  </reporter-output>
  <suite name="regression" duration-ms="69" started-at="2022-01-28T06:50:12Z" finished-at="2022-01-28T06:50:12Z">
    <groups>
    </groups>
    <test name="Test" duration-ms="69" started-at="2022-01-28T06:50:12Z" finished-at="2022-01-28T06:50:12Z">
      <class name="com.crm.SDET292929.CreateOrgTest">
        <test-method status="PASS" signature="createorgTest()[pri:0, instance:com.crm.SDET292929.CreateOrgTest@4520ebad]" name="createorgTest" duration-ms="19" started-at="2022-01-28T06:50:12Z" finished-at="2022-01-28T06:50:12Z">
          <reporter-output>
          </reporter-output>
        </test-method> <!-- createorgTest -->
      </class> <!-- com.crm.SDET292929.CreateOrgTest -->
    </test> <!-- Test -->
  </suite> <!-- regression -->
</testng-results>
